[pid 31577] read(36, "\27\3\3\0\312", 5) = 5
[pid 31577] read(36, "8\205\307\317\247\5-\"\2046\276^%\30\366\230\340B\313\367\204\203\203\221\251\264\340}\371\234\3343"..., 202) = 202
[pid 31577] write(36, "\27\3\3\0AM\337\220\207A2\315\2128\252\373\276\372\347\353\251[\325\376\335\2306[*\6mY"..., 70) = 70
[pid 31577] read(36, 0x7a79e1710083, 5) = -1 EAGAIN (Resource temporarily unavailable)
[pid 31577] ppoll([{fd=36, events=POLLIN|POLLPRI}], 1, {tv_sec=10, tv_nsec=0}, [HUP INT QUIT USR1 USR2 TERM TSTP], 8) = 1 ([{fd=36, revents=POLLIN}], left {tv_sec=9, tv_nsec=999998834})
[pid 31577] read(36, "\27\3\3\0)", 5)   = 5
[pid 31577] read(36, "\341kc=\336&1\277\227uS\34M\322\252\372\220\272\36p\267s\335\245\1\2305\250\3071\315^"..., 41) = 41
[pid 31577] write(36, "\27\3\3\0%\2045_\203\r\313\305\240L\255\216\306\214\306\204Q\366\7`\16S$X\247\217`>"..., 42) = 42
[pid 31577] read(36, 0x7a79e1710083, 5) = -1 EAGAIN (Resource temporarily unavailable)
[pid 31577] ppoll([{fd=36, events=POLLIN|POLLPRI}], 1, {tv_sec=28800, tv_nsec=0}, [HUP INT QUIT USR1 USR2 TERM TSTP], 8) = 1 ([{fd=36, revents=POLLIN}], left {tv_sec=28799, tv_nsec=999999153})
[pid 31577] read(36, "\27\3\3\0O", 5)   = 5
[pid 31577] write(36, "\27\3\3\0\312\302\263\255\31\341f\374\10T\0364\32\267VK\271)#\347T]\260\372\340YZ\5"..., 207) = 207
[pid 31577] read(36, "\27\3\3\0O", 5)   = 5
[pid 31577] read(36, "A-V\315\264AJ\302\357\217B%\302g\305\320_\25\374\318Ji\356\325L\2053\"\312\222\320"..., 79) = 79
[pid 31577] write(36, "\27\3\3\0\312\325\252\266\304\tL}\316B4H\30\334\316\5\202\303\22\371\263R\365\223\0\251tg"..., 207) = 207
[pid 31577] read(36, 0x7a79e1710083, 5) = -1 EAGAIN (Resource temporarily unavailable)
[pid 31577] ppoll([{fd=36, events=POLLIN|POLLPRI}], 1, {tv_sec=28800, tv_nsec=0}, [HUP INT QUIT USR1 USR2 TERM TSTP], 8) = 1 ([{fd=36, revents=POLLIN}], left {tv_sec=28799, tv_nsec=999999147})
[pid 31577] read(36, "\27\3\3\0O", 5)   = 5
[pid 31577] read(36, "ivT\253\237T\375\2265A\362\303\267\235\243\216=\227_\2332\2529@\3113\302\16\316:#2"..., 79) = 79
[pid 31577] write(36, "\27\3\3\0\312\6\243\n\374'\342A\264*\207\2235#;\205\363\201W#\372\0041\33\243\325\330k"..., 207) = 207
[pid 31577] read(36, "\27\3\3\0O", 5)   = 5
[pid 31577] read(36, "\249\26p\261\213\30P\3756\232\253\374\235\0237\335\375\375\35Y\305<\22\1\241|\16R4\322\226"..., 79) = 79
[pid 31577] write(36, "\27\3\3\0\312x\252\1`\341\321\333u\217\0271\21\36321-\224\r\257\377w\4\206\372\314\23\36"..., 207) = 207
[pid 31577] read(36, "\27\3\3\0O", 5)   = 5
[pid 31577] read(36, "ae2w\203}\320\241\240\3662$1#\277\307\26\200#y\177\365\t%\n]\316G4\253\244\323"..., 79) = 79
[pid 31577] write(36, "\27\3\3\0\312\3\30\276\r\322\304\267\330\370\334\320\21\3645\342xJ\346[\2573\343\227pY\355}"..., 207) = 207
[pid 31577] read(36, "\27\3\3\0O", 5)   = 5
[pid 31577] read(36, "L\275\21\201\331\353\230\23B\30\31\336\252\250#v\356h\272\26+\207Z\276l\21\352\302\363V2\223"..., 79) = 79
[pid 31577] write(36, "\27\3\3\0\312\353\220\202\361\232\216\200p\252\355k\0076y\262zV\354\305\256\10\364\223n>\22\231"..., 207) = 207
[pid 31577] read(36, "\27\3\3\0O", 5)   = 5
[pid 31577] read(36, "z\252Cvt^\"\305\6\334w:\317<\321U\240\22\311\3030\327LbT>\334\344*\232\367\342"..., 79) = 79
[pid 31577] write(36, "\27\3\3\0\312\273\245\365?\t\236\347\307n\35wU\225\26\r\315P\243\377w\222\263\344\2334\322\256"..., 207) = 207
[pid 31577] read(36, "\27\3\3\0O", 5)   = 5
[pid 31577] read(36, "\302\372\345\360p\2522\204\234\272\30c1\341\373\361~/\206\344\30\375\221\201\213\22X\203\222\356\16\1"..., 79) = 79
[pid 31577] write(36, "\27\3\3\0\312\260\350\377m \214\217\242\212C1\305\321,\25\317\360\32\277G\365\356[i\25m\7"..., 207) = 207
[pid 31577] read(36, "\27\3\3\0O", 5)   = 5
[pid 31577] read(36, "+\1\277\334\251,\351s\366@\215\212\22\234\342\355\277\354A\300\241\3L\255X{\234b\253t\277\317"..., 79) = 79
[pid 31577] write(36, "\27\3\3\0\312\201~\10\3279\371\270'FX;\314\312k\310S\277p\250\232\300\243j\221#W\16"..., 207) = 207
[pid 31577] read(36, "\27\3\3\0O", 5)   = 5
[pid 31577] read(36, "P\335W=\344\326\213\31k5\205.\301\252HG\211\245\351\232u\306!\313\250~\246\2243\6\34\267"..., 79) = 79
[pid 31577] write(36, "\27\3\3\0\312Z\240\211\237<\211\31T!z\302\24\274\353\35\231F\251w\303@\207j+\31\4\207"..., 207) = 207
[pid 31577] read(36, "\27\3\3\0O", 5)   = 5
[pid 31577] read(36, "\360\223..\27\331t\341N\317\tSL\254\341\327\273\2521\236\343\316\4\223uM\366p\322\240\366X"..., 79) = 79
[pid 31577] write(36, "\27\3\3\0\312\20e\361\362q;\254@I\n\r\3556\252\340Y[\3401\235\20\377\367\330\356\343\362"..., 207) = 207
[pid 31577] read(36, "\27\3\3\0O", 5)   = 5
[pid 31577] read(36, "\1\263`\246\27\205\204]\341*\315\332F\373\356L3\327o:\fha9|\316C&\306T}\251"..., 79) = 79
[pid 31577] write(36, "\27\3\3\0\312uu\25\203\27!S\314Ca\r\277I\333\275k\333\207\303\241\301P\351n\355\222 "..., 207) = 207
[pid 31577] read(36, "\27\3\3\0O", 5)   = 5
[pid 31577] read(36, "\20p\360\207\245\226W:{\21\231a3)\304b~X\232\204e\261]\255(\344\220\315\333/D\214"..., 79) = 79
[pid 31577] write(36, "\27\3\3\0\3125.\250\221\302\253\317\363\3\314,L\374W\21\26REi\227rM\355\247\251\237\10"..., 207) = 207
[pid 31577] read(36, "\27\3\3\0O", 5)   = 5
[pid 31577] read(36, "*Y\32\342\354\206\262\314\202\t\267\3014\235\362\202?[x\221\26n\334\3056\373\370@S\360\357\215"..., 79) = 79
[pid 31577] write(36, "\27\3\3\0\312\261\210\37\346\205#\231\300\r#VJ\27\342\204\334\261\325M\2c\330\26.\31\235#"..., 207) = 207
[pid 31577] read(36, "\27\3\3\0O", 5)   = 5
[pid 31577] read(36, "Q\353\352\347\222\304\3324\230\248\365c\313\3\345L\204yD\314\254\311l\243\3\217\234\t\232n\303"..., 79) = 79
[pid 31577] write(36, "\27\3\3\0\312\205o\nX\223Z\300\231\377\365\317\216{\223\265\32\260\211\323\30V\261\310.O\344\345"..., 207) = 207
[pid 31577] read(36, "\27\3\3\0O", 5)   = 5
[pid 31577] read(36, "qU\224\30B\375@\272\374\353|\274\7\324\0006o\346\274X\5\206\23\274\226\326\312\320\274\310\232Y"..., 79) = 79
[pid 31577] write(36, "\27\3\3\0\312H\350\366\266\36\352S\317.\267JH#\335'\33\264\213\vi\236\325\37\223\362\35_"..., 207) = 207
[pid 31577] read(36, "\27\3\3\0O", 5)   = 5
[pid 31577] read(36, "\204\352\r\316k\\W\306\370y7\262\367F\225\356\375\317\207\226\342\234b\213e iJ\252\2338l"..., 79) = 79
[pid 31577] write(36, "\27\3\3\0\312\222\t\v\27\250Q\342\301f_\17:ll\304\312\205kZ\\Q\325\2305\274\177}"..., 207) = 207
[pid 31577] read(36, "\27\3\3\0O", 5)   = 5
[pid 31577] read(36, "A\315\213\260\205 e\204<\303d\22\6=R\220\352#\374Z\330\342\25\355\251\343xA\245/\232v"..., 79) = 79
[pid 31577] write(36, "\27\3\3\0\312\254z\236v>[T+\274\303\347\344\342\324e\355\254\27\314\215\264\300\3059;7\213"..., 207) = 207
[pid 31577] read(36, "\27\3\3\0O", 5)   = 5
[pid 31577] read(36, "4a\344*w\246\364\371\212Dt\361q\372\16A\247\219\304\5\301Y\30\366+\325\353^\333\0i"..., 79) = 79
[pid 31577] write(36, "\27\3\3\0\312}\212\10\224,\224\n\314\364I\35r\352\317\25\316+SO\317\265\24\30\25\332bx"..., 207) = 207
[pid 31577] read(36, "\27\3\3\0O", 5)   = 5
[pid 31577] read(36, "\3221)\225\27pRii\230\351+\234\tB\306\361\316h'\334\271\332T\350\377\247\206\335\242\360a"..., 79) = 79
[pid 31577] write(36, "\27\3\3\0\312\366\10Vy\341\214\367P\275\250D\272\274\330\3775=%(\346\363\373\6\213\335\"\t"..., 207) = 207
[pid 31577] read(36, "\27\3\3\0O", 5)   = 5
[pid 31577] read(36, "\324\342T\336\304&^\265\33m|x\255\r\237\266\32z^d\343;u(y\17\17k\203ItP"..., 79) = 79
[pid 31577] write(36, "\27\3\3\0\312&\267\33\23A*k\5\236\321Iq<\317.\203\274\361\25\310^\224z\252\255\5\325"..., 207) = 207
[pid 31577] write(36, "\27\3\3\0\312u\5\32\304`j\253\364_\315\240;m\247@/\334j\270\341o\341\24\327kS\23"..., 207) = 207
[pid 31577] read(36, "\27\3\3\0O", 5)   = 5
[pid 31577] read(36, "\215\36\330\30\31\264\f< \253\251a\20\350\251\\\30l\355?\26Zz\\w\270\300\"\202a;\360"..., 79) = 79
[pid 31577] write(36, "\27\3\3\0\312\230l\373\5\324\247\344)wL\374\327\315&\233_p\352\271\204\216#\274u\353|\320"..., 207) = 207
[pid 31577] read(36, "\27\3\3\0O", 5)   = 5
[pid 31577] read(36, "+\342<\nO\241\355K\311#Z8\332\273\331HvCR&w\21y\v\272G\367|Z\214\4'"..., 79) = 79
[pid 31577] write(36, "\27\3\3\0\312\377{\220\335\335\230W\3024^\200\213\256)\250c\322\270\257\253\33\235+\2323\2\240"..., 207) = 207
[pid 31577] read(36, "\27\3\3\0O", 5)   = 5
[pid 31577] read(36, "\230\325\355\306\302\322\332\365WY\321\365]\346\255\3222\10>i\6\344\32M;\375\324\211\232\343\247-"..., 79) = 79
[pid 31577] write(36, "\27\3\3\0\312\272\337\237\376i\374\22\377\34\223\344\304\220\213L\244>\205\7\273\231\306\326\236\255\227\307"..., 207) = 207
[pid 31577] read(36, "\27\3\3\0O", 5)   = 5
[pid 31577] read(36, "\205N\7\252+\22\221\200\26\31Z=\2204#:~]2\331z\351\26\352\316n\344n!@\257\220"..., 79) = 79
[pid 31577] write(36, "\27\3\3\0\312\203#\360<\30oa\3121\233=p,\r7\220\207\36e\312\257\7\37k\267P`"..., 207) = 207
[pid 31577] read(36, "\27\3\3\0O", 5)   = 5
[pid 31577] read(36, "\343y\210\352#\373\200\271\206Ah\333%\30\302\263\3478V^7b\305\323^\260:\37\262\34\204\235"..., 79) = 79
[pid 31577] write(36, "\27\3\3\0\312tdAd2`\22\"\206\326\212\2429\241\260\0\265g3\261\232S5M\215\376_"..., 207) = 207
[pid 31577] read(36, "\27\3\3\0O", 5)   = 5
[pid 31577] read(36, "\332^9\357V;4\373\345\315\4\210l\322\fd\217Mk\365\375\364\fL\336\30;\335\214m\35\303"..., 79) = 79
[pid 31577] write(36, "\27\3\3\0\312\254>\321\352\215\312\354_\266R3\326L6\5\305\241Q\311\324\323G:\267\370,*"..., 207) = 207
[pid 31577] read(36, "\27\3\3\0O", 5)   = 5
[pid 31577] read(36, "C\32\244\262J\26\2\207]\30\27\222/\363\33Hk\"^DO\340<\340\17\372\221\210\320O\37\252"..., 79) = 79
[pid 31577] write(36, "\27\3\3\0\312\352\224\332\3678\20\210w\23TaJ\37j6p\3609\341\325\242\205\356\23t\265E"..., 207) = 207
[pid 31577] read(36, "\27\3\3\0O", 5)   = 5
[pid 31577] read(36, "\361\251\251\222o\360z*\3068&;\r\203\263\2V\200/\264\234\354/\276\376\332\217\223^'\362\33"..., 79) = 79
[pid 31577] write(36, "\27\3\3\0\312tT\315U+\tm\24x\224\343\227\257\2026\263%\240\305\5\223X\364\200\213\247\272"..., 207) = 207
[pid 31577] read(36, "\27\3\3\0O", 5)   = 5
[pid 31577] read(36, "\4O1/\271\32\346g\321\243\331\227\204\31\252\230\3275\316\v}\3154y`\334\346V\336\222.6"..., 79) = 79
[pid 31577] write(36, "\27\3\3\0\312\3762~\332Y\371\16\347\341\307^\371\225C\217\346\33\317\332\203;4h\357\373\360\313"..., 207) = 207
[pid 31577] read(36, "\27\3\3\0O", 5)   = 5
[pid 31577] read(36, "\266\335}\352\222\251\352r\3703EE\274q\n@\207#\366_\271m\27d\271\201\311\342\0\16`\204"..., 79) = 79
[pid 31577] write(36, "\27\3\3\0\312]\221\223\304\26\231\3177\231\352<$'\255\331A\236+\205\3500W\345\333\365\\a"..., 207) = 207
[pid 31577] read(36, "\27\3\3\0O", 5)   = 5
[pid 31577] read(36, "\301o\305\200\377\33\303\210\277\224\320\34\2t\230B\357?\203\25\243\276\7,\357\t\337U\320\3541\217"..., 79) = 79
[pid 31577] read(36, "_S\254\324f\5\0160\306\237=v5\367c+}\"\205\v\302YW\230Pki\33\242Bsy"..., 79) = 79
[pid 31577] write(36, "\27\3\3\0\312l\243@\220.\326\346[\16\24\266\302\245R\315\262\331\376u\277FN\16\372/\263\5"..., 207) = 207
[pid 31577] read(36, "\27\3\3\0O", 5)   = 5
[pid 31577] read(36, "\250=\274\245i\230V\"\264<\304QYC fy\312\210\271*r?\314\306o\254! \242\265$"..., 79) = 79
[pid 31577] write(36, "\27\3\3\0\312)\227\4Z\347\225\335$K\340vW\252\334\3\372\200\271\2454V\4@\312-.I"..., 207) = 207
[pid 31577] read(36, "\27\3\3\0O", 5)   = 5
[pid 31577] read(36, "?\35\334\1C\375\0311q\306\344\7\244\301\264Y\321\37\362\330\310\26\3618u6\375\342\334XA\25"..., 79) = 79
[pid 31577] write(36, "\27\3\3\0\312g;Y/\277]\255\32,\212\304\225\353G9\272\326\353Egu\23N#\20\334\243"..., 207) = 207
[pid 31577] read(36, "\27\3\3\0O", 5)   = 5
[pid 31577] read(36, "\254\35\367\353>|M\366 \351BG\343s\0\334\327\336\305,qZt\354&\302\2\235\374\275\206\217"..., 79) = 79
[pid 31577] write(36, "\27\3\3\0\312\30\224\223'p<B\316\254&mfa\207>\364\243\204\351\270^{<N.\305 "..., 207) = 207
[pid 31577] read(36, "\27\3\3\0O", 5)   = 5
[pid 31577] read(36, "\366\374\335\231q\206'\265\354J\5\370\245\231\360\1\343\267\226\226\"\243;\352\341\261F\220)o\367\237"..., 79) = 79
[pid 31577] write(36, "\27\3\3\0\312<\r^1\241/\213\342\21\313_\3531PpJ\312\311\"\221;gN O_M"..., 207) = 207
[pid 31577] read(36, "\27\3\3\0O", 5)   = 5
[pid 31577] read(36, "\337\30\222\364\240\247\320\2141j\326\364\n\200\351Q\227\371\6\10\34\27\343\307F\212N\254]\245Wk"..., 79) = 79
[pid 31577] write(36, "\27\3\3\0\312\30\241\231\6UG\27k\2716AS\2009\263\0\356\20!\206}Lo3\21RA"..., 207) = 207
[pid 31577] read(36, "\27\3\3\0O", 5)   = 5
[pid 31577] read(36, "\4\30b\342#\262\237\"\237\332M[/\0041}\322\307x\220\2737<\373\3631\261QY\227\3d"..., 79) = 79
[pid 31577] write(36, "\27\3\3\0\3126\305\343 L'3\22\254y\7dP\371\210EG\265\345\353\336\340\10\375\16\335\275"..., 207) = 207
[pid 31577] read(36, "\27\3\3\0O", 5)   = 5
[pid 31577] read(36, "\234\255\230NJG\207\343\222\"TF\21\363un\r\361-\246\274Y4\261\f\245\234\337\262C\345\37"..., 79) = 79
[pid 31577] write(36, "\27\3\3\0\312\274\01704O\253r\260{\20\252\16\326W`\255\320\375\325^\335\214UX\366\322\377"..., 207) = 207
[pid 31577] read(36, "\27\3\3\0O", 5)   = 5
[pid 31577] read(36, "\347\255S[\227\216\36\255\17r\323\355\r\2154\242\345\3436_\220}[J\311>\347\2177\312\332\253"..., 79) = 79
[pid 31577] write(36, "\27\3\3\0\312'G\205\361\4\323?\253/&\26o\343f\370\372\202\246\365v\n\210(\375\27\372K"..., 207) = 207
[pid 31577] read(36, "\27\3\3\0O", 5)   = 5
[pid 31577] read(36, "\35>(\32\25\303\370\222\311\34b)\256\227\253\31\250'O\370\r\255\244\2633\213\370+T\215Et"..., 79) = 79
[pid 31577] write(36, "\27\3\3\0\312\377\374\211(\222u64O\251>\351/PY\333\362\v\203\326(\17\230%\37\316O"..., 207) = 207
[pid 31577] read(36, "\27\3\3\0O", 5)   = 5
[pid 31577] read(36, "\341\34=\37\334\2423{\300K\30\\od\0061_[\fR\210\375\257\311\255\260\177.\372\367\28"..., 79) = 79
[pid 31577] write(36, "\27\3\3\0\312\17\313T\21\16\271\215\36\252\241\320\207^\0A\371;!_(\322*\t\246G\337\27"..., 207) = 207
[pid 31577] read(36, "\27\3\3\0O", 5)   = 5
[pid 31577] read(36, "\221\240z\n\231\264\262\30\250\fy\365?\226]\263\327\273\203T#\371\303\nF)}\351\34y\266\0"..., 79) = 79
[pid 31577] write(36, "\27\3\3\0\312j}\221\226\245\301\361\331x\266\36h\233}[o\354\235\215o\36\220\"$\2412s"..., 207) = 207
[pid 31577] read(36, "\27\3\3\0O", 5)   = 5
[pid 31577] read(36, "*%<\322\3267\211q\1\325#AuC\301\230\307\264\261\215}\217\373\376\275\224\215\23\374\313\213\354"..., 79) = 79
[pid 31577] write(36, "\27\3\3\0\312\\\245\275f\266\321\301\364\320ne\300\371f\32B\326\233\255\234\362\34S\260\350\337\177"..., 207) = 207
[pid 31577] read(36, "\27\3\3\0O", 5)   = 5
[pid 31577] write(36, "\27\3\3\0\312\246>{x\177\313hC\377\34\3042\34\327\316\30\327\237P\217X\245Ui\375\370\356"..., 207) = 207
[pid 31577] read(36, "\27\3\3\0O", 5)   = 5
[pid 31577] read(36, "g\265D_\0105\317:^n\351\273qA\240f\357\233\310\244\351\274,\303\341\340\371\312\203s\350}"..., 79) = 79
[pid 31577] write(36, "\27\3\3\0\312\fc\361f\316%k_\"Lj\262\204Ooj\370\371\205\325j\233Y\267v<m"..., 207) = 207
[pid 31577] read(36, "\27\3\3\0O", 5)   = 5
[pid 31577] read(36, "\305\3t\205\16\302\341\224\372\256\343j\2742b\203\35\2214g\232\237\372\2161\316\247\317Q\"\245\r"..., 79) = 79
[pid 31577] write(36, "\27\3\3\0\312\22\240\203\304\356\332\235\312NO~\35\\\275e\217\204F\37\202\235\17\205y\336Y1"..., 207) = 207
[pid 31577] read(36, "\27\3\3\0O", 5)   = 5
[pid 31577] read(36, "PJ\22\232.z\304'V_Lp\257\27'4\6\365%\r\33\354m\2506V\256\5X\35\370\357"..., 79) = 79
[pid 31577] write(36, "\27\3\3\0\312\0\233\307\273\202\313Wf\235J\256\35\32\4\"9\255\223\355q\301\n\203\230O\22R"..., 207) = 207
[pid 31577] read(36, "\27\3\3\0O", 5)   = 5
[pid 31577] read(36, "B\304\203\333&\t\255Y^Q@\257t\326\213j\364aR\256\320\200\252\223\250\177\236\17\346\262\311\247"..., 79) = 79
[pid 31577] write(36, "\27\3\3\0\312+\30\224\23\34M\326\216\275\36\30\0\201\2\322z\321\362c!)\3640[v#\273"..., 207) = 207
[pid 31577] read(36, "\27\3\3\0O", 5)   = 5
[pid 31577] read(36, "\371O6z\35\331?\t\205\26=\3140\224N\224PI&1\221\27\276x_B\313\3152\340\23\315"..., 79) = 79
[pid 31577] write(36, "\27\3\3\0\312\7f\32 I\t\313]?\314\317\341\207\230\221\30Y\234q\340\261\335\256T\314\364["..., 207) = 207
[pid 31577] read(36, "\27\3\3\0O", 5)   = 5
[pid 31577] read(36, "z\312\373$J\214\314\244\26\242^n\214\366o\373\275\2321J\17\4h\4\344PH\222\31sn\266"..., 79) = 79
[pid 31577] write(36, "\27\3\3\0\312:jS\177\202\260\342\357\346\250$$\16\3111M\265kq\325\266{\353\372\305r\257"..., 207) = 207
[pid 31577] read(36, "\27\3\3\0O", 5)   = 5
[pid 31577] read(36, "\0167\v\241\317j\260\354\303\377\370J5I\247\213\274\341\341\344\206\21q\256\7\310\350\232b9\206\177"..., 79) = 79
[pid 31577] write(36, "\27\3\3\0\312{\257\36\207\n\310\376\31\256\306k)5'\f*\363\372\371.\207'4'y\204S"..., 207) = 207
[pid 31577] read(36, "\27\3\3\0O", 5)   = 5
[pid 31577] read(36, "N\253(\265\223\205`\0\357\231\334x\273\264^\3433\324x\345v\300\375\26\366\241Dh\206\33\324\225"..., 79) = 79
[pid 31577] write(36, "\27\3\3\0\312\226~]\320\252\271\334\336\v\244\207\1P\377\202\3700\203\35\1\264\356\372\335Rn\343"..., 207) = 207
[pid 31577] read(36, "\27\3\3\0O", 5)   = 5
[pid 31577] read(36, "<\177sV\300\31=85\261\3223\232v\23\2446\234<k5X\255\244 S\225y7\21(\f"..., 79) = 79
[pid 31577] write(36, "\27\3\3\0\312*\220\364\t\345\366B;5\375\363\363\261\351\36\234\270<\203\303T0\20U\tQ!"..., 207) = 207
[pid 31577] read(36, "\27\3\3\0O", 5)   = 5
[pid 31577] read(36, "\265R{o\t0\326b\"x\304\217\364m\2726\rX_\256\336\200R\217?P\7m\357Ai\211"..., 79) = 79
[pid 31577] write(36, "\27\3\3\0\312qw:\262l+/\217\251k\4\226\25\210\245m\377\33-c.\331\333\2564\352\213"..., 207) = 207
[pid 31577] read(36, "\27\3\3\0O", 5)   = 5
[pid 31577] read(36, "\27\263\4<\311\177V\254\246\235)~<Kv\227TJ-q\355\236L\264r*\371\237\336\334\35\260"..., 79) = 79
[pid 31577] write(36, "\27\3\3\0\312\20\345\304TI:w6\264\30\257\26\2\256\275jN\267LH\203\r\335JM\341\350"..., 207) = 207
[pid 31577] read(36, "\27\3\3\0O", 5)   = 5
[pid 31577] read(36, "L\312\276\370u\315\20t\213\342\222\327B4\32\375\274lw\325]\23\274\251\23\204\352\304\354\207\25="..., 79) = 79
[pid 31577] write(36, "\27\3\3\0\312^\4\370\230\214^\252Z]\253\353mo\237\353L\306u\33\27/\310e\200\261?I"..., 207) = 207
[pid 31577] read(36, "\27\3\3\0O", 5)   = 5
[pid 31577] read(36, "f\343\220\242\320\247\223\224\217\377\20\376#\365\344\336\"\350\3216\247\215\4\301\351\34`\232>\275\207i"..., 79) = 79
[pid 31577] write(36, "\27\3\3\0\312Q\335\366\230\316Q\275$\343\323}\256(3\325y\324.\321\4\23\266\rI%\363\256"..., 207) = 207
[pid 31577] read(36, "\27\3\3\0O", 5)   = 5
[pid 31577] read(36, "\27\3\3\0O", 5)   = 5
[pid 31577] read(36, "\2028\7\217s8\245H\373\n\346\373f\201\374\361\364\326('\377\233h\36a(\270\244\300\336\0\251"..., 79) = 79
[pid 31577] write(36, "\27\3\3\0\312\373\221\243\314\230\0\26\"\357\215\277\37\340oV\274\312\267j\234j*J\262/\370\""..., 207) = 207
[pid 31577] read(36, "\27\3\3\0O", 5)   = 5
[pid 31577] read(36, "\247C\364\263$\252\302\27\246\3\3\n\1\240y\245\227\0#\244\3144T\365\351(\345\211r\364\212\326"..., 79) = 79
[pid 31577] write(36, "\27\3\3\0\312V\246I\26\235L\344\221\243\350\353o\r1\367'F\262B\30\333\367t\201\267\353C"..., 207) = 207
[pid 31577] read(36, "\27\3\3\0O", 5)   = 5
[pid 31577] read(36, "\v\212\27\27B\307\375\237r\227\273\240\352\361v\226Vc\36\211\215\21\217Q\331\207\240\30751\25\345"..., 79) = 79
[pid 31577] write(36, "\27\3\3\0\312s\222\36\225\241\326\325\335\310n\272\263\364Q\274:\5\310wX0\256\302QzQ\264"..., 207) = 207
[pid 31577] read(36, "\27\3\3\0O", 5)   = 5
[pid 31577] read(36, "r\30\353\0\352G\305)oX\350\322o\232D`\3545\367\275\35f?\324\37\313'\240\311'f6"..., 79) = 79
[pid 31577] write(36, "\27\3\3\0\312\234\200\305\365\20\304\320\270Y\254\215M\214\2\21\331(hh\202\372%\306X\36ki"..., 207) = 207
[pid 31577] read(36, "\27\3\3\0O", 5)   = 5
[pid 31577] read(36, "i\271\10;[}\271\177?\344\224\205\335/\270\\\234\213C\207*\30O\356\240Xq\303\362\262\n\274"..., 79) = 79
[pid 31577] write(36, "\27\3\3\0\312S\317 J\334\376\334|M\301$\264P\275\21X\376d%\306\255\250P\357\333\313\302"..., 207) = 207
[pid 31577] read(36, "\27\3\3\0O", 5)   = 5
[pid 31577] read(36, "d8\371R\272\216\233\17MUI5\4\365\325\300\266\321\37\306B\222W\274i\255\244l\230\333\206z"..., 79) = 79
[pid 31577] write(36, "\27\3\3\0\312\261\222\275\35_\f\272ex`\212\207+\262f\373\232\222\237\31\17o\206\224i\326^"..., 207) = 207
[pid 31577] read(36, "\27\3\3\0O", 5)   = 5
[pid 31577] read(36, "\6\321\332\201\305{\304\347\267\n\3'(\274P\315=\214\232Zt\34S\22\302nug\374b'\367"..., 79) = 79
[pid 31577] write(36, "\27\3\3\0\312\330\346\245\370\275m\5\222\335\324w-\347\365b\216?a\357\33\7\211o\2\215|\251"..., 207) = 207
[pid 31577] read(36, "\27\3\3\0O", 5)   = 5
[pid 31577] read(36, "3\347\223:;\3\375q\276\266\7\243\330\276,\351\277\261j3\333\322\373\313\332k\322)`x\226\211"..., 79) = 79
[pid 31577] write(36, "\27\3\3\0\312\31\274\244\355\5\372|_^\25\n6\371,!\30x\366\320\261\\n$z\232m\277"..., 207) = 207
[pid 31577] read(36, "\27\3\3\0O", 5)   = 5
[pid 31577] read(36, "_\276\r\10\5\3B\351\34\367\10U\374\351\312\260\250\23RK\324\214\32\270U\210[J{-\2124"..., 79) = 79
[pid 31577] write(36, "\27\3\3\0\312\312d\3\31\372kr\334O\241 _7\204\301\256l\4\255\274h\7\237\246\320\21\31"..., 207) = 207
[pid 31577] read(36, "\27\3\3\0O", 5)   = 5
[pid 31577] read(36, "\362j6F}>\220\262.\213\0313\n\242\250\2500\347\331\265c\367)\340,^\303P\362W\315\35"..., 79) = 79
[pid 31577] write(36, "\27\3\3\0\312\32o\323\346X\207_\5\n\252\307\342\315\344\7\247\277\371\3150<\361\274z\343\317\36"..., 207) = 207
[pid 31577] read(36, "\27\3\3\0O", 5)   = 5
[pid 31577] read(36, "\321\270Ul\375p\276\2650\241\270\260Y\272\2714Q\206\314V\t\245\20\263\227\260^\331\330Za\342"..., 79) = 79
[pid 31577] write(36, "\27\3\3\0\312\205\246\2758\3569\0213D\36\20\27\321c\267^\316(1\0\220\371\3g\4\333\305"..., 207) = 207
[pid 31577] read(36, "\27\3\3\0O", 5)   = 5
[pid 31577] read(36, "90\263U\3674\6\263{S\266W\274\217\6-em\31_\27\nB.0?\304\253\336u\302^"..., 79) = 79
[pid 31577] write(36, "\27\3\3\0\312AICO\210N\32\256!\333\3269\35M\32\241\331\315\24\20\361`Jf<\307\""..., 207) = 207
[pid 31577] read(36, "\27\3\3\0O", 5)   = 5
[pid 31577] read(36, "\212\300`\361H\0104y\330s\326\343\366\364\263b\266\237\357w\1\210\35\300E\201\215\260\223\25s$"..., 79) = 79
[pid 31577] read(36, "\27\3\3\0O", 5)   = 5
[pid 31577] read(36, "\300\275\372\4\3\213dx\252`2\334\253\252\270\0374\354\226U\224\335\312S\326>d\177\276\24q\r"..., 79) = 79
[pid 31577] write(36, "\27\3\3\0\312\301`\263\257\16\203BD\217u\0325\326\r\352`\314\376R\325&zcR\323\372u"..., 207) = 207
[pid 31577] read(36, "\27\3\3\0O", 5)   = 5
[pid 31577] read(36, "\226\301\362\250\246\0\235\265\2409\210\26\n\364\4[\343b2\363\234\240\234f\34\264n\221lv\375Q"..., 79) = 79
[pid 31577] write(36, "\27\3\3\0\312\376`w\334\360\332\234D \237b\270+/\272\210\332\227Ndf\210\4\307\22\316*"..., 207) = 207
[pid 31577] read(36, "\27\3\3\0O", 5)   = 5
[pid 31577] read(36, "b\361\265\r{=\342\374%z'apY\200\367:\304\231\207\232n\227J\325\201\31\307\352\270\302\242"..., 79) = 79
[pid 31577] write(36, "\27\3\3\0\312!\224\5\255\31\350T\212\321\302B\237\215\261\300\320E\r\324\244\327\313*iK/\303"..., 207) = 207
[pid 31577] read(36, "\27\3\3\0O", 5)   = 5
[pid 31577] read(36, "Y$.\356\272\3211!\353*\337\3q\365\1\5\366\335\2734\3q\25i\1\7\335\377Yn\27\213"..., 79) = 79
[pid 31577] write(36, "\27\3\3\0\312;\342\302x\240\222\271\324\336\247j\240\324E\371A\217!\0\206I\231\207\376.m\332"..., 207) = 207
[pid 31577] read(36, "\27\3\3\0O", 5)   = 5
[pid 31577] read(36, "\377\334\0\326\350Y\17\27\16\267*Z\246e\314\17\315\30\\\21\211\326\344\306\223\26~U\351]\226Q"..., 79) = 79
[pid 31577] write(36, "\27\3\3\0\312C\347\270\325<\237\376,\275I\241\244\340\230\232\3\365\220H[\362\250\216\1*u\304"..., 207) = 207
[pid 31577] read(36, "\27\3\3\0O", 5)   = 5
[pid 31577] read(36, "\207v\334\t\270P8\362\2160\260\226\302\0\207(i\t\245\211\370a\312\325)\244+\253dD\334\t"..., 79) = 79
[pid 31577] write(36, "\27\3\3\0\312\340D\237\255\375g\243\16t(\372;\215.\303\344\224z?\274\254\201XQI\254\342"..., 207) = 207
[pid 31577] read(36, "\27\3\3\0O", 5)   = 5
[pid 31577] read(36, "\324\325\1771\r\330\242\306\216\370[lt\326Q\344\0\205f\235O\22]l\243(s\314#\4\241\225"..., 79) = 79
[pid 31577] write(36, "\27\3\3\0\312I\3359c\361]\330:ScI\313\rEi\332\304]\207`?V\240!\262qn"..., 207) = 207
[pid 31577] read(36, "\27\3\3\0O", 5)   = 5
[pid 31577] read(36, "\314\\mf\16`D\37\225\25\205T\252C/\307b\26b\375\215\rM\216\304\365\242\2Z\35\216\312"..., 79) = 79
[pid 31577] write(36, "\27\3\3\0\312-7I\202\252V\361y\314\2\244n^}\330\243I\330\26\256\316\237\263\206\7_d"..., 207) = 207
[pid 31577] read(36, "\27\3\3\0O", 5)   = 5
[pid 31577] read(36, "\3427<\247;m\255\356j$\256\375\207\251Z;l\367\317\365\343\276\315q\0264\322HBP\26\257"..., 79) = 79
[pid 31577] write(36, "\27\3\3\0\312\203\300dxq%\237;\361N\5\242\334~ly\3\303'm2g\22=\2215\262"..., 207) = 207
[pid 31577] read(36, "\27\3\3\0O", 5)   = 5
[pid 31577] read(36, "\30n\"'X\331\330\232\27\262\257\16\221\201\0335\225\v\31$Zj\276\375\360\2428\24\336\35\257@"..., 79) = 79
[pid 31577] write(36, "\27\3\3\0\312#\271%\360\254?\322+\350\35\327\0\tN^\277\251\261\26\347\312\242\0047\342`M"..., 207) = 207
[pid 31577] read(36, "\27\3\3\0O", 5)   = 5
[pid 31577] read(36, "P\332\314-\23\266\273\275R\304gy\35/\206\302\344\265\270(\37\234g\22\340u\354G\224\352\334\31"..., 79) = 79
[pid 31577] write(36, "\27\3\3\0\312\4\36h\222\340\33\306\2\247 '9\323\272T\234\3754\232\\{\212\223\355\344\"\31"..., 207) = 207
[pid 31577] read(36, "\27\3\3\0O", 5)   = 5
[pid 31577] read(36, "\320\354M\255as\351#\0041\16\r)A\34_\251v\177\241\215$?\37\303hK`\232j\241,"..., 79) = 79
[pid 31577] write(36, "\27\3\3\0\312]\357\"\327M}\327+\363g\274!S\22^\316\264-]\365\351i,\30\325P4"..., 207) = 207
[pid 31577] read(36, "\27\3\3\0O", 5)   = 5
[pid 31577] read(36, "\276>~\231\344\266e\0\340\32c\270GY\310\rW/\376\22e\340\316\323\"\355\3s\22\247\235\304"..., 79) = 79
[pid 31577] write(36, "\27\3\3\0\312\310O\357\320\255\313\264\211\215\340\257\323\310A\245\330\213\1\316\323\231f\254\212\223F\204"..., 207) = 207
[pid 31577] read(36, "\27\3\3\0O", 5)   = 5
[pid 31577] read(36, "\366\246$\203\205\31\325\377\224+\371t\243w\375fb{\376\216;\37o\255U\343\343\224\215/\250\272"..., 79) = 79
[pid 31577] write(36, "\27\3\3\0\312\205\350\205_\260\273\noB7:Hb\272B\17\357x^\255\1\220\277\34d\336\250"..., 207) = 207
[pid 31577] read(36, "\27\3\3\0O", 5)   = 5
[pid 31577] read(36, "[=O\310m\222;\256\371I\273\34Ry\232Bw\363K\203\231\276\304\320\342\267>\276I\357\374\271"..., 79) = 79
[pid 31577] write(36, "\27\3\3\0\312\n\36t\17\303\336\215\240=\270\177O\262\311*\272]%y\304\3\332\204\r\332\6\333"..., 207) = 207
[pid 31577] read(36, "\27\3\3\0O", 5)   = 5
[pid 31577] read(36, "\314\21\10\331=\357\353\316\275n\241\372\373g\263\366\350P\377\357\221\10}\362\223\313i\306\221\275 \350"..., 79) = 79
[pid 31577] write(36, "\27\3\3\0\312Y\347tH\216\361\323\3\0311\254X\312kc'\334\n\36\5\23\255&\226\21U\213"..., 207) = 207
[pid 31577] read(36, "\27\3\3\0O", 5)   = 5
[pid 31577] read(36, "\246\355\300\263f\\s\v\307\367\36\247~U\34\226\231\365\301c&\215\27Z\264\313\216\215\3413x\2"..., 79) = 79
[pid 31577] write(36, "\27\3\3\0\312\313$\\G]\224j\4Nn\275\340\3\346\237|\271\225\26r\37H\225\330,\225\224"..., 207) = 207
[pid 31577] read(36, "\27\3\3\0O", 5)   = 5
[pid 31577] read(36, "\342\221\335s\253y|\4 P$\260\324{\364\300\246\327\3f4\361YK\253\332O\306I\224.\4"..., 79) = 79
[pid 31577] write(36, "\27\3\3\0\312\252\313\206\350\210d\7lk\7\211\265\2331\245\252-\361#Rtf\207s\343T\274"..., 207) = 207
[pid 31577] read(36, "\27\3\3\0O", 5)   = 5
[pid 31577] read(36, "\324(a\261\250y\345\276\276`\307\334\321kc4\301\275\206\3531\276\24\371\372\306\241\331V\341(\353"..., 79) = 79
[pid 31577] write(36, "\27\3\3\0\312\243\263\207\357\372h\1M<F\320\231ACF\207\270\260T2A\262\252-ccp"..., 207) = 207
[pid 31577] read(36, "\27\3\3\0O", 5)   = 5
[pid 31577] read(36, "\306\353\6Ci\3742\361\270\10u\3\22\203\344\36\34R\312D\354i9\326\205\247\204=\375[X\270"..., 79) = 79
[pid 31577] write(36, "\27\3\3\0\312\373\10\301\307\303\235\225\373D\263\2037\350\200g.\266sZaDF\215\223\257\357\201"..., 207) = 207
[pid 31577] read(36, "\27\3\3\0O", 5)   = 5
[pid 31577] read(36, "\222I\333\221\234\330\274\361w\31W\210%\23\372\\i:\0PU\22\216H\320\t\253\351\3275\27L"..., 79) = 79
[pid 31577] write(36, "\27\3\3\0\312x\337\360\316a\312c\230\200\236*\233\261\21 G}j\25\177\205\16\365\204\27\256\375"..., 207) = 207
[pid 31577] read(36, "\27\3\3\0O", 5)   = 5
[pid 31577] read(36, "\216A\332d@\215\v2\35t\207\216\3714k\256\200!\225Ztu\22\10=\363b\216\27\265\206\357"..., 79) = 79
[pid 31577] write(36, "\27\3\3\0\312\255\32p\246\237-\260\5\216\212c\370^\267L>,^\251\177\225\334\312\27\2204\37"..., 207) = 207
[pid 31577] read(36, "\27\3\3\0O", 5)   = 5
[pid 31577] read(36, "E\17\24\312\214\367\372\301\1a\221f\376\304\32\331\17nA\311\200\237\3576\236\334\250\311?\252nN"..., 79) = 79
[pid 31577] write(36, "\27\3\3\0\312;\211\275K\242\271\23\314^[_B\364P\21\21\37\312\361zq\210\247\323\225\354@"..., 207) = 207
[pid 31577] read(36, "\27\3\3\0O", 5)   = 5
[pid 31577] read(36, "\374#?\246\261\350o&0_\30\272\306\265\364\2\241\257\302AeG\277\375o@4\373h\344\3067"..., 79) = 79
[pid 31577] write(36, "\27\3\3\0\312\277\246K%\211\217\341>\214%\342\345\307\220bJM\202nS\321?z\233\244I\337"..., 207) = 207
[pid 31577] read(36, "\27\3\3\0O", 5)   = 5
[pid 31577] read(36, "K1\217\310\325Z@9~\316uk\367\30N\3\352R=\v9\5-\216\341\276*K\375\2663&"..., 79) = 79
[pid 31577] write(36, "\27\3\3\0\312\356\270P\232d\245\351\305\234-\254\214T\256\375o\34\216<n'\267{\375G\252\320"..., 207) = 207
[pid 31577] read(36, "\27\3\3\0O", 5)   = 5
[pid 31577] read(36, "\265\30\202\367\264\266\305\312ap\226\34&1mn\373j\267B\0055\371\10I\246I,2\366\16\304"..., 79) = 79
[pid 31577] read(36, "\27\3\3\0\26", 5) = 5
[pid 31577] read(36, " \233\342\304\346}\246\2236\347\351!o\355=\300\312\4\257p\235~", 22) = 22
[pid 31577] shutdown(36, SHUT_RDWR)     = 0
[pid 31577] close(36)                   = 0
